{"name": "test_Login", "status": "failed", "statusDetails": {"message": "AssertionError: assert False", "trace": "self = <testCases.test_login.Test_001_Login object at 0x044ECCD0>, setup = <selenium.webdriver.chrome.webdriver.WebDriver (session=\"1b3258251054d965a92547f5be8dcb88\")>\n\n    def test_Login(self,setup):\n        self.driver = setup\n        self.driver.get(self.base_URL)\n        self.lp=LoginPage(self.driver)\n        self.lp.setUsername(self.username)\n        self.lp.setPassword(self.password)\n        self.lp.clickLogin()\n        act_title=self.driver.title\n        if act_title==\"Dashboard / nopCommerce administratio\":\n            assert True\n            time.sleep(5)\n            self.driver.close()\n            self.driver.quit()\n        else:\n            self.driver.save_screenshot(\".\\\\Screenshots\\\\\" + \"test_Login.png\")\n            time.sleep(5)\n            self.driver.close()\n            self.driver.quit()\n>           assert False\nE           assert False\n\ntestCases\\test_login.py:46: AssertionError"}, "start": 1612432687932, "stop": 1612432724130, "uuid": "0c820c15-f85f-4040-8074-87261a249d4a", "historyId": "1eac088d81772f375827d2507c1031e2", "testCaseId": "ba6c73b9451c95350450c7761255c09d", "fullName": "testCases.test_login.Test_001_Login#test_Login", "labels": [{"name": "parentSuite", "value": "testCases"}, {"name": "suite", "value": "test_login"}, {"name": "subSuite", "value": "Test_001_Login"}, {"name": "host", "value": "SAIBHAGAVAN-PC"}, {"name": "thread", "value": "10200-MainThread"}, {"name": "framework", "value": "pytest"}, {"name": "language", "value": "cpython3"}, {"name": "package", "value": "testCases.test_login"}]}